{"/home/vali-it/electricity_price/svelte.config.js": {"path":"/home/vali-it/electricity_price/svelte.config.js","all":true,"statementMap":{"0":{"start":{"line":1,"column":0},"end":{"line":1,"column":61}},"1":{"start":{"line":2,"column":0},"end":{"line":2,"column":0}},"2":{"start":{"line":3,"column":0},"end":{"line":3,"column":16}},"3":{"start":{"line":4,"column":0},"end":{"line":4,"column":67}},"4":{"start":{"line":5,"column":0},"end":{"line":5,"column":45}},"5":{"start":{"line":6,"column":0},"end":{"line":6,"column":31}},"6":{"start":{"line":7,"column":0},"end":{"line":7,"column":1}}},"s":{"0":0,"1":0,"2":0,"3":0,"4":0,"5":0,"6":0},"branchMap":{"0":{"type":"branch","line":1,"loc":{"start":{"line":1,"column":0},"end":{"line":7,"column":-79}},"locations":[{"start":{"line":1,"column":0},"end":{"line":7,"column":-79}}]}},"b":{"0":[0]},"fnMap":{"0":{"name":"(empty-report)","decl":{"start":{"line":1,"column":0},"end":{"line":7,"column":-79}},"loc":{"start":{"line":1,"column":0},"end":{"line":7,"column":-79}},"line":1}},"f":{"0":0}}
,"/home/vali-it/electricity_price/src/App.svelte": {"path":"/home/vali-it/electricity_price/src/App.svelte","all":true,"statementMap":{"0":{"start":{"line":1,"column":0},"end":{"line":1,"column":18}}},"s":{"0":0},"branchMap":{"0":{"type":"branch","line":1,"loc":{"start":{"line":1,"column":168},"end":{"line":8,"column":7}},"locations":[{"start":{"line":1,"column":168},"end":{"line":8,"column":7}}]}},"b":{"0":[0]},"fnMap":{"0":{"name":"(empty-report)","decl":{"start":{"line":1,"column":168},"end":{"line":8,"column":7}},"loc":{"start":{"line":1,"column":168},"end":{"line":8,"column":7}},"line":1}},"f":{"0":0}}
,"/home/vali-it/electricity_price/src/main.ts": {"path":"/home/vali-it/electricity_price/src/main.ts","all":true,"statementMap":{"0":{"start":{"line":1,"column":0},"end":{"line":1,"column":30}},"1":{"start":{"line":2,"column":0},"end":{"line":2,"column":18}},"2":{"start":{"line":3,"column":0},"end":{"line":3,"column":30}},"4":{"start":{"line":5,"column":0},"end":{"line":5,"column":24}},"5":{"start":{"line":6,"column":0},"end":{"line":6,"column":42}},"6":{"start":{"line":7,"column":0},"end":{"line":7,"column":2}},"8":{"start":{"line":9,"column":0},"end":{"line":9,"column":18}}},"s":{"0":0,"1":0,"2":0,"4":0,"5":0,"6":0,"8":0},"branchMap":{"0":{"type":"branch","line":1,"loc":{"start":{"line":1,"column":172},"end":{"line":9,"column":18}},"locations":[{"start":{"line":1,"column":172},"end":{"line":9,"column":18}}]}},"b":{"0":[0]},"fnMap":{"0":{"name":"(empty-report)","decl":{"start":{"line":1,"column":172},"end":{"line":9,"column":18}},"loc":{"start":{"line":1,"column":172},"end":{"line":9,"column":18}},"line":1}},"f":{"0":0}}
,"/home/vali-it/electricity_price/src/components/Bar.svelte": {"path":"/home/vali-it/electricity_price/src/components/Bar.svelte","all":false,"statementMap":{"0":{"start":{"line":1,"column":0},"end":{"line":1,"column":18}},"3":{"start":{"line":4,"column":0},"end":{"line":4,"column":29}},"4":{"start":{"line":5,"column":0},"end":{"line":5,"column":34}},"5":{"start":{"line":6,"column":0},"end":{"line":6,"column":33}},"7":{"start":{"line":8,"column":0},"end":{"line":8,"column":28}},"8":{"start":{"line":9,"column":0},"end":{"line":9,"column":18}},"9":{"start":{"line":10,"column":0},"end":{"line":10,"column":18}},"11":{"start":{"line":12,"column":0},"end":{"line":12,"column":50}},"12":{"start":{"line":13,"column":0},"end":{"line":13,"column":26}},"13":{"start":{"line":14,"column":0},"end":{"line":14,"column":36}},"16":{"start":{"line":17,"column":0},"end":{"line":17,"column":49}},"17":{"start":{"line":18,"column":0},"end":{"line":18,"column":36}},"20":{"start":{"line":21,"column":0},"end":{"line":21,"column":33}},"21":{"start":{"line":22,"column":0},"end":{"line":22,"column":28}},"24":{"start":{"line":25,"column":0},"end":{"line":25,"column":55}},"25":{"start":{"line":26,"column":0},"end":{"line":26,"column":35}},"26":{"start":{"line":27,"column":0},"end":{"line":27,"column":35}},"32":{"start":{"line":33,"column":0},"end":{"line":33,"column":42}},"33":{"start":{"line":34,"column":0},"end":{"line":34,"column":40}},"34":{"start":{"line":35,"column":0},"end":{"line":35,"column":38}},"35":{"start":{"line":36,"column":0},"end":{"line":36,"column":40}},"38":{"start":{"line":39,"column":0},"end":{"line":39,"column":17}},"39":{"start":{"line":40,"column":0},"end":{"line":40,"column":57}}},"s":{"0":1,"3":1,"4":1,"5":1,"7":1,"8":1,"9":1,"11":1,"12":1,"13":1,"16":1,"17":1,"20":1,"21":1,"24":1,"25":1,"26":1,"32":1,"33":1,"34":1,"35":1,"38":1,"39":1},"branchMap":{"0":{"type":"branch","line":39,"loc":{"start":{"line":39,"column":5},"end":{"line":39,"column":17}},"locations":[{"start":{"line":39,"column":5},"end":{"line":39,"column":17}}]},"1":{"type":"branch","line":33,"loc":{"start":{"line":33,"column":34},"end":{"line":33,"column":42}},"locations":[{"start":{"line":33,"column":34},"end":{"line":33,"column":42}}]},"2":{"type":"branch","line":33,"loc":{"start":{"line":33,"column":39},"end":{"line":33,"column":42}},"locations":[{"start":{"line":33,"column":39},"end":{"line":33,"column":42}}]}},"b":{"0":[4],"1":[4],"2":[0]},"fnMap":{"0":{"name":"Bar.__vite_ssr_import_1__.if.__vite_ssr_import_2__.default.price","decl":{"start":{"line":39,"column":5},"end":{"line":39,"column":17}},"loc":{"start":{"line":39,"column":5},"end":{"line":39,"column":17}},"line":39}},"f":{"0":4}}
,"/home/vali-it/electricity_price/src/components/BarChart.svelte": {"path":"/home/vali-it/electricity_price/src/components/BarChart.svelte","all":false,"statementMap":{"0":{"start":{"line":1,"column":0},"end":{"line":1,"column":18}},"9":{"start":{"line":10,"column":0},"end":{"line":10,"column":47}},"12":{"start":{"line":13,"column":0},"end":{"line":13,"column":114}},"13":{"start":{"line":14,"column":0},"end":{"line":14,"column":100}},"19":{"start":{"line":20,"column":0},"end":{"line":20,"column":45}},"25":{"start":{"line":26,"column":0},"end":{"line":26,"column":47}},"26":{"start":{"line":27,"column":0},"end":{"line":27,"column":104}}},"s":{"0":1,"9":1,"12":1,"13":1,"19":1,"25":1,"26":1},"branchMap":{"0":{"type":"branch","line":13,"loc":{"start":{"line":13,"column":48},"end":{"line":13,"column":110}},"locations":[{"start":{"line":13,"column":48},"end":{"line":13,"column":110}}]},"1":{"type":"branch","line":13,"loc":{"start":{"line":13,"column":105},"end":{"line":13,"column":114}},"locations":[{"start":{"line":13,"column":105},"end":{"line":13,"column":114}}]},"2":{"type":"branch","line":13,"loc":{"start":{"line":13,"column":86},"end":{"line":13,"column":105}},"locations":[{"start":{"line":13,"column":86},"end":{"line":13,"column":105}}]},"3":{"type":"branch","line":20,"loc":{"start":{"line":20,"column":19},"end":{"line":20,"column":34}},"locations":[{"start":{"line":20,"column":19},"end":{"line":20,"column":34}}]},"4":{"type":"branch","line":27,"loc":{"start":{"line":27,"column":28},"end":{"line":27,"column":63}},"locations":[{"start":{"line":27,"column":28},"end":{"line":27,"column":63}}]}},"b":{"0":[1],"1":[1],"2":[2],"3":[4],"4":[2]},"fnMap":{"0":{"name":"BarChart.__vite_ssr_import_1__.each.__vite_ssr_import_3__.default.yAxisValue","decl":{"start":{"line":20,"column":19},"end":{"line":20,"column":34}},"loc":{"start":{"line":20,"column":19},"end":{"line":20,"column":34}},"line":20}},"f":{"0":4}}
,"/home/vali-it/electricity_price/src/components/CountrySelector.svelte": {"path":"/home/vali-it/electricity_price/src/components/CountrySelector.svelte","all":false,"statementMap":{"0":{"start":{"line":1,"column":0},"end":{"line":1,"column":18}},"1":{"start":{"line":2,"column":0},"end":{"line":2,"column":46}},"2":{"start":{"line":3,"column":0},"end":{"line":3,"column":31}},"6":{"start":{"line":7,"column":0},"end":{"line":7,"column":34}},"11":{"start":{"line":12,"column":0},"end":{"line":12,"column":31}},"12":{"start":{"line":13,"column":0},"end":{"line":13,"column":40}},"14":{"start":{"line":15,"column":0},"end":{"line":15,"column":31}}},"s":{"0":1,"1":1,"2":1,"6":1,"11":1,"12":1,"14":1},"branchMap":{"0":{"type":"branch","line":15,"loc":{"start":{"line":15,"column":9},"end":{"line":15,"column":31}},"locations":[{"start":{"line":15,"column":9},"end":{"line":15,"column":31}}]},"1":{"type":"branch","line":15,"loc":{"start":{"line":15,"column":28},"end":{"line":15,"column":31}},"locations":[{"start":{"line":15,"column":28},"end":{"line":15,"column":31}}]},"2":{"type":"branch","line":12,"loc":{"start":{"line":12,"column":30},"end":{"line":12,"column":31}},"locations":[{"start":{"line":12,"column":30},"end":{"line":12,"column":31}}]}},"b":{"0":[10],"1":[0],"2":[0]},"fnMap":{},"f":{}}
,"/home/vali-it/electricity_price/src/components/DateSwitcher.svelte": {"path":"/home/vali-it/electricity_price/src/components/DateSwitcher.svelte","all":false,"statementMap":{"0":{"start":{"line":1,"column":0},"end":{"line":1,"column":22}},"4":{"start":{"line":5,"column":0},"end":{"line":5,"column":31}},"6":{"start":{"line":7,"column":0},"end":{"line":7,"column":43}},"7":{"start":{"line":8,"column":0},"end":{"line":8,"column":36}},"8":{"start":{"line":9,"column":0},"end":{"line":9,"column":41}},"9":{"start":{"line":10,"column":0},"end":{"line":10,"column":31}},"15":{"start":{"line":16,"column":0},"end":{"line":16,"column":69}},"16":{"start":{"line":17,"column":0},"end":{"line":17,"column":45}},"17":{"start":{"line":18,"column":0},"end":{"line":18,"column":64}}},"s":{"0":1,"4":1,"6":1,"7":1,"8":1,"9":1,"15":1,"16":1,"17":1},"branchMap":{"0":{"type":"branch","line":16,"loc":{"start":{"line":16,"column":32},"end":{"line":16,"column":69}},"locations":[{"start":{"line":16,"column":32},"end":{"line":16,"column":69}}]},"1":{"type":"branch","line":18,"loc":{"start":{"line":18,"column":32},"end":{"line":18,"column":64}},"locations":[{"start":{"line":18,"column":32},"end":{"line":18,"column":64}}]}},"b":{"0":[2],"1":[2]},"fnMap":{},"f":{}}
,"/home/vali-it/electricity_price/src/components/ElectricityPrices.svelte": {"path":"/home/vali-it/electricity_price/src/components/ElectricityPrices.svelte","all":false,"statementMap":{"0":{"start":{"line":1,"column":0},"end":{"line":1,"column":18}},"15":{"start":{"line":16,"column":0},"end":{"line":16,"column":52}},"16":{"start":{"line":17,"column":0},"end":{"line":17,"column":45}},"17":{"start":{"line":18,"column":0},"end":{"line":18,"column":39}},"18":{"start":{"line":19,"column":0},"end":{"line":19,"column":27}},"19":{"start":{"line":20,"column":0},"end":{"line":20,"column":46}},"21":{"start":{"line":22,"column":0},"end":{"line":22,"column":60}},"22":{"start":{"line":23,"column":0},"end":{"line":23,"column":38}},"23":{"start":{"line":24,"column":0},"end":{"line":24,"column":50}},"24":{"start":{"line":25,"column":0},"end":{"line":25,"column":39}},"26":{"start":{"line":27,"column":0},"end":{"line":27,"column":24}},"30":{"start":{"line":31,"column":0},"end":{"line":31,"column":94}},"31":{"start":{"line":32,"column":0},"end":{"line":32,"column":42}},"32":{"start":{"line":33,"column":0},"end":{"line":33,"column":83}},"35":{"start":{"line":36,"column":0},"end":{"line":36,"column":54}},"36":{"start":{"line":37,"column":0},"end":{"line":37,"column":27}},"37":{"start":{"line":38,"column":0},"end":{"line":38,"column":80}},"43":{"start":{"line":44,"column":0},"end":{"line":44,"column":48}},"44":{"start":{"line":45,"column":0},"end":{"line":45,"column":61}},"45":{"start":{"line":46,"column":0},"end":{"line":46,"column":65}},"49":{"start":{"line":50,"column":0},"end":{"line":50,"column":58}},"50":{"start":{"line":51,"column":0},"end":{"line":51,"column":48}},"51":{"start":{"line":52,"column":0},"end":{"line":52,"column":31}},"54":{"start":{"line":55,"column":0},"end":{"line":55,"column":46}},"55":{"start":{"line":56,"column":0},"end":{"line":56,"column":47}},"56":{"start":{"line":57,"column":0},"end":{"line":57,"column":45}},"58":{"start":{"line":59,"column":0},"end":{"line":59,"column":93}},"61":{"start":{"line":62,"column":0},"end":{"line":62,"column":82}},"62":{"start":{"line":63,"column":0},"end":{"line":63,"column":34}},"63":{"start":{"line":64,"column":0},"end":{"line":64,"column":52}},"64":{"start":{"line":65,"column":0},"end":{"line":65,"column":35}},"65":{"start":{"line":66,"column":0},"end":{"line":66,"column":48}},"67":{"start":{"line":68,"column":0},"end":{"line":68,"column":79}},"69":{"start":{"line":70,"column":0},"end":{"line":70,"column":25}},"70":{"start":{"line":71,"column":0},"end":{"line":71,"column":30}},"74":{"start":{"line":75,"column":0},"end":{"line":75,"column":31}},"75":{"start":{"line":76,"column":0},"end":{"line":76,"column":53}},"78":{"start":{"line":79,"column":0},"end":{"line":79,"column":24}},"80":{"start":{"line":81,"column":0},"end":{"line":81,"column":40}},"81":{"start":{"line":82,"column":0},"end":{"line":82,"column":78}}},"s":{"0":1,"15":1,"16":1,"17":1,"18":1,"19":1,"21":1,"22":1,"23":1,"24":1,"26":1,"30":1,"31":1,"32":1,"35":1,"36":1,"37":1,"43":1,"44":1,"45":1,"49":1,"50":1,"51":1,"54":1,"55":1,"56":1,"58":1,"61":1,"62":1,"63":1,"64":1,"65":1,"67":1,"69":1,"70":1,"74":1,"75":1,"78":1,"80":1,"81":1},"branchMap":{"0":{"type":"branch","line":16,"loc":{"start":{"line":16,"column":47},"end":{"line":16,"column":52}},"locations":[{"start":{"line":16,"column":47},"end":{"line":16,"column":52}}]},"1":{"type":"branch","line":17,"loc":{"start":{"line":17,"column":40},"end":{"line":17,"column":45}},"locations":[{"start":{"line":17,"column":40},"end":{"line":17,"column":45}}]},"2":{"type":"branch","line":62,"loc":{"start":{"line":62,"column":53},"end":{"line":62,"column":82}},"locations":[{"start":{"line":62,"column":53},"end":{"line":62,"column":82}}]},"3":{"type":"branch","line":81,"loc":{"start":{"line":81,"column":22},"end":{"line":81,"column":40}},"locations":[{"start":{"line":81,"column":22},"end":{"line":81,"column":40}}]}},"b":{"0":[1],"1":[1],"2":[1],"3":[1]},"fnMap":{},"f":{}}
,"/home/vali-it/electricity_price/src/components/HoverInfo.svelte": {"path":"/home/vali-it/electricity_price/src/components/HoverInfo.svelte","all":false,"statementMap":{"0":{"start":{"line":1,"column":0},"end":{"line":1,"column":0}},"2":{"start":{"line":3,"column":0},"end":{"line":3,"column":29}},"3":{"start":{"line":4,"column":0},"end":{"line":4,"column":29}},"4":{"start":{"line":5,"column":0},"end":{"line":5,"column":29}},"7":{"start":{"line":8,"column":0},"end":{"line":8,"column":57}},"8":{"start":{"line":9,"column":0},"end":{"line":9,"column":36}}},"s":{"0":1,"2":1,"3":1,"4":1,"7":1,"8":1},"branchMap":{"0":{"type":"branch","line":9,"loc":{"start":{"line":9,"column":5},"end":{"line":9,"column":36}},"locations":[{"start":{"line":9,"column":5},"end":{"line":9,"column":36}}]},"1":{"type":"branch","line":9,"loc":{"start":{"line":9,"column":20},"end":{"line":9,"column":36}},"locations":[{"start":{"line":9,"column":20},"end":{"line":9,"column":36}}]},"2":{"type":"branch","line":8,"loc":{"start":{"line":8,"column":37},"end":{"line":8,"column":57}},"locations":[{"start":{"line":8,"column":37},"end":{"line":8,"column":57}}]},"3":{"type":"branch","line":8,"loc":{"start":{"line":8,"column":38},"end":{"line":8,"column":50}},"locations":[{"start":{"line":8,"column":38},"end":{"line":8,"column":50}}]},"4":{"type":"branch","line":8,"loc":{"start":{"line":8,"column":51},"end":{"line":8,"column":57}},"locations":[{"start":{"line":8,"column":51},"end":{"line":8,"column":57}}]}},"b":{"0":[1],"1":[0],"2":[1],"3":[0],"4":[0]},"fnMap":{},"f":{}}
,"/home/vali-it/electricity_price/src/components/Line.svelte": {"path":"/home/vali-it/electricity_price/src/components/Line.svelte","all":false,"statementMap":{"0":{"start":{"line":1,"column":0},"end":{"line":1,"column":18}},"1":{"start":{"line":2,"column":0},"end":{"line":2,"column":33}},"5":{"start":{"line":6,"column":0},"end":{"line":6,"column":55}}},"s":{"0":1,"1":1,"5":1},"branchMap":{"0":{"type":"branch","line":6,"loc":{"start":{"line":6,"column":29},"end":{"line":6,"column":55}},"locations":[{"start":{"line":6,"column":29},"end":{"line":6,"column":55}}]}},"b":{"0":[11]},"fnMap":{},"f":{}}
,"/home/vali-it/electricity_price/src/components/dates.ts": {"path":"/home/vali-it/electricity_price/src/components/dates.ts","all":false,"statementMap":{"0":{"start":{"line":1,"column":0},"end":{"line":1,"column":42}},"2":{"start":{"line":3,"column":0},"end":{"line":3,"column":36}},"3":{"start":{"line":4,"column":0},"end":{"line":4,"column":40}},"4":{"start":{"line":5,"column":0},"end":{"line":5,"column":1}}},"s":{"0":1,"2":1,"3":6,"4":6},"branchMap":{"0":{"type":"branch","line":3,"loc":{"start":{"line":3,"column":7},"end":{"line":5,"column":1}},"locations":[{"start":{"line":3,"column":7},"end":{"line":5,"column":1}}]}},"b":{"0":[6]},"fnMap":{"0":{"name":"toISODate","decl":{"start":{"line":3,"column":7},"end":{"line":5,"column":1}},"loc":{"start":{"line":3,"column":7},"end":{"line":5,"column":1}},"line":3}},"f":{"0":6}}
,"/home/vali-it/electricity_price/src/lib/Counter.svelte": {"path":"/home/vali-it/electricity_price/src/lib/Counter.svelte","all":true,"statementMap":{"0":{"start":{"line":1,"column":0},"end":{"line":1,"column":18}},"1":{"start":{"line":2,"column":0},"end":{"line":2,"column":31}},"2":{"start":{"line":3,"column":0},"end":{"line":3,"column":27}},"3":{"start":{"line":4,"column":0},"end":{"line":4,"column":14}},"7":{"start":{"line":8,"column":0},"end":{"line":8,"column":28}},"8":{"start":{"line":9,"column":0},"end":{"line":9,"column":18}}},"s":{"0":0,"1":0,"2":0,"3":0,"7":0,"8":0},"branchMap":{"0":{"type":"branch","line":1,"loc":{"start":{"line":1,"column":166},"end":{"line":10,"column":9}},"locations":[{"start":{"line":1,"column":166},"end":{"line":10,"column":9}}]}},"b":{"0":[0]},"fnMap":{"0":{"name":"(empty-report)","decl":{"start":{"line":1,"column":166},"end":{"line":10,"column":9}},"loc":{"start":{"line":1,"column":166},"end":{"line":10,"column":9}},"line":1}},"f":{"0":0}}
}
