{"/home/vali-it/electricity_price/svelte.config.js": {"path":"/home/vali-it/electricity_price/svelte.config.js","all":true,"statementMap":{"0":{"start":{"line":1,"column":0},"end":{"line":1,"column":61}},"1":{"start":{"line":2,"column":0},"end":{"line":2,"column":0}},"2":{"start":{"line":3,"column":0},"end":{"line":3,"column":16}},"3":{"start":{"line":4,"column":0},"end":{"line":4,"column":67}},"4":{"start":{"line":5,"column":0},"end":{"line":5,"column":45}},"5":{"start":{"line":6,"column":0},"end":{"line":6,"column":31}},"6":{"start":{"line":7,"column":0},"end":{"line":7,"column":1}}},"s":{"0":0,"1":0,"2":0,"3":0,"4":0,"5":0,"6":0},"branchMap":{"0":{"type":"branch","line":1,"loc":{"start":{"line":1,"column":0},"end":{"line":7,"column":-79}},"locations":[{"start":{"line":1,"column":0},"end":{"line":7,"column":-79}}]}},"b":{"0":[0]},"fnMap":{"0":{"name":"(empty-report)","decl":{"start":{"line":1,"column":0},"end":{"line":7,"column":-79}},"loc":{"start":{"line":1,"column":0},"end":{"line":7,"column":-79}},"line":1}},"f":{"0":0}}
,"/home/vali-it/electricity_price/src/App.svelte": {"path":"/home/vali-it/electricity_price/src/App.svelte","all":true,"statementMap":{"0":{"start":{"line":1,"column":0},"end":{"line":1,"column":18}}},"s":{"0":0},"branchMap":{"0":{"type":"branch","line":1,"loc":{"start":{"line":1,"column":153},"end":{"line":8,"column":7}},"locations":[{"start":{"line":1,"column":153},"end":{"line":8,"column":7}}]}},"b":{"0":[0]},"fnMap":{"0":{"name":"(empty-report)","decl":{"start":{"line":1,"column":153},"end":{"line":8,"column":7}},"loc":{"start":{"line":1,"column":153},"end":{"line":8,"column":7}},"line":1}},"f":{"0":0}}
,"/home/vali-it/electricity_price/src/main.ts": {"path":"/home/vali-it/electricity_price/src/main.ts","all":true,"statementMap":{"0":{"start":{"line":1,"column":0},"end":{"line":1,"column":30}},"1":{"start":{"line":2,"column":0},"end":{"line":2,"column":18}},"2":{"start":{"line":3,"column":0},"end":{"line":3,"column":30}},"4":{"start":{"line":5,"column":0},"end":{"line":5,"column":24}},"5":{"start":{"line":6,"column":0},"end":{"line":6,"column":42}},"6":{"start":{"line":7,"column":0},"end":{"line":7,"column":2}},"8":{"start":{"line":9,"column":0},"end":{"line":9,"column":18}}},"s":{"0":0,"1":0,"2":0,"4":0,"5":0,"6":0,"8":0},"branchMap":{"0":{"type":"branch","line":1,"loc":{"start":{"line":1,"column":172},"end":{"line":9,"column":18}},"locations":[{"start":{"line":1,"column":172},"end":{"line":9,"column":18}}]}},"b":{"0":[0]},"fnMap":{"0":{"name":"(empty-report)","decl":{"start":{"line":1,"column":172},"end":{"line":9,"column":18}},"loc":{"start":{"line":1,"column":172},"end":{"line":9,"column":18}},"line":1}},"f":{"0":0}}
,"/home/vali-it/electricity_price/src/components/Bar.svelte": {"path":"/home/vali-it/electricity_price/src/components/Bar.svelte","all":true,"statementMap":{"0":{"start":{"line":1,"column":0},"end":{"line":1,"column":18}},"2":{"start":{"line":3,"column":0},"end":{"line":3,"column":30}},"7":{"start":{"line":8,"column":0},"end":{"line":8,"column":46}},"8":{"start":{"line":9,"column":0},"end":{"line":9,"column":42}}},"s":{"0":0,"2":0,"7":0,"8":0},"branchMap":{"0":{"type":"branch","line":1,"loc":{"start":{"line":1,"column":758},"end":{"line":36,"column":8}},"locations":[{"start":{"line":1,"column":758},"end":{"line":36,"column":8}}]}},"b":{"0":[0]},"fnMap":{"0":{"name":"(empty-report)","decl":{"start":{"line":1,"column":758},"end":{"line":36,"column":8}},"loc":{"start":{"line":1,"column":758},"end":{"line":36,"column":8}},"line":1}},"f":{"0":0}}
,"/home/vali-it/electricity_price/src/components/BarChart.svelte": {"path":"/home/vali-it/electricity_price/src/components/BarChart.svelte","all":true,"statementMap":{"0":{"start":{"line":1,"column":0},"end":{"line":1,"column":18}},"3":{"start":{"line":4,"column":0},"end":{"line":4,"column":39}},"7":{"start":{"line":8,"column":0},"end":{"line":8,"column":42}}},"s":{"0":0,"3":0,"7":0},"branchMap":{"0":{"type":"branch","line":1,"loc":{"start":{"line":1,"column":762},"end":{"line":34,"column":8}},"locations":[{"start":{"line":1,"column":762},"end":{"line":34,"column":8}}]}},"b":{"0":[0]},"fnMap":{"0":{"name":"(empty-report)","decl":{"start":{"line":1,"column":762},"end":{"line":34,"column":8}},"loc":{"start":{"line":1,"column":762},"end":{"line":34,"column":8}},"line":1}},"f":{"0":0}}
,"/home/vali-it/electricity_price/src/components/CountrySelector.svelte": {"path":"/home/vali-it/electricity_price/src/components/CountrySelector.svelte","all":false,"statementMap":{"0":{"start":{"line":1,"column":0},"end":{"line":1,"column":18}},"1":{"start":{"line":2,"column":0},"end":{"line":2,"column":35}},"2":{"start":{"line":3,"column":0},"end":{"line":3,"column":31}},"6":{"start":{"line":7,"column":0},"end":{"line":7,"column":34}},"11":{"start":{"line":12,"column":0},"end":{"line":12,"column":31}},"12":{"start":{"line":13,"column":0},"end":{"line":13,"column":40}},"14":{"start":{"line":15,"column":0},"end":{"line":15,"column":31}}},"s":{"0":1,"1":1,"2":1,"6":1,"11":1,"12":1,"14":1},"branchMap":{"0":{"type":"branch","line":15,"loc":{"start":{"line":15,"column":9},"end":{"line":15,"column":31}},"locations":[{"start":{"line":15,"column":9},"end":{"line":15,"column":31}}]},"1":{"type":"branch","line":15,"loc":{"start":{"line":15,"column":28},"end":{"line":15,"column":31}},"locations":[{"start":{"line":15,"column":28},"end":{"line":15,"column":31}}]},"2":{"type":"branch","line":12,"loc":{"start":{"line":12,"column":30},"end":{"line":12,"column":31}},"locations":[{"start":{"line":12,"column":30},"end":{"line":12,"column":31}}]}},"b":{"0":[8],"1":[0],"2":[0]},"fnMap":{},"f":{}}
,"/home/vali-it/electricity_price/src/components/DataDispatcher.svelte": {"path":"/home/vali-it/electricity_price/src/components/DataDispatcher.svelte","all":true,"statementMap":{"0":{"start":{"line":1,"column":0},"end":{"line":1,"column":18}},"16":{"start":{"line":17,"column":0},"end":{"line":17,"column":39}},"17":{"start":{"line":18,"column":0},"end":{"line":18,"column":35}},"18":{"start":{"line":19,"column":0},"end":{"line":19,"column":39}},"20":{"start":{"line":21,"column":0},"end":{"line":21,"column":33}},"21":{"start":{"line":22,"column":0},"end":{"line":22,"column":22}},"22":{"start":{"line":23,"column":0},"end":{"line":23,"column":20}},"23":{"start":{"line":24,"column":0},"end":{"line":24,"column":46}},"25":{"start":{"line":26,"column":0},"end":{"line":26,"column":60}},"26":{"start":{"line":27,"column":0},"end":{"line":27,"column":38}},"27":{"start":{"line":28,"column":0},"end":{"line":28,"column":50}},"28":{"start":{"line":29,"column":0},"end":{"line":29,"column":39}},"30":{"start":{"line":31,"column":0},"end":{"line":31,"column":24}},"34":{"start":{"line":35,"column":0},"end":{"line":35,"column":96}},"35":{"start":{"line":36,"column":0},"end":{"line":36,"column":42}},"36":{"start":{"line":37,"column":0},"end":{"line":37,"column":83}},"39":{"start":{"line":40,"column":0},"end":{"line":40,"column":54}},"40":{"start":{"line":41,"column":0},"end":{"line":41,"column":27}},"41":{"start":{"line":42,"column":0},"end":{"line":42,"column":80}},"43":{"start":{"line":44,"column":0},"end":{"line":44,"column":40}},"44":{"start":{"line":45,"column":0},"end":{"line":45,"column":86}},"47":{"start":{"line":48,"column":0},"end":{"line":48,"column":62}},"50":{"start":{"line":51,"column":0},"end":{"line":51,"column":46}},"51":{"start":{"line":52,"column":0},"end":{"line":52,"column":36}},"52":{"start":{"line":53,"column":0},"end":{"line":53,"column":34}},"53":{"start":{"line":54,"column":0},"end":{"line":54,"column":42}},"56":{"start":{"line":57,"column":0},"end":{"line":57,"column":143}},"58":{"start":{"line":59,"column":0},"end":{"line":59,"column":22}},"59":{"start":{"line":60,"column":0},"end":{"line":60,"column":20}},"62":{"start":{"line":63,"column":0},"end":{"line":63,"column":48}},"63":{"start":{"line":64,"column":0},"end":{"line":64,"column":50}},"64":{"start":{"line":65,"column":0},"end":{"line":65,"column":34}},"65":{"start":{"line":66,"column":0},"end":{"line":66,"column":52}},"66":{"start":{"line":67,"column":0},"end":{"line":67,"column":35}},"67":{"start":{"line":68,"column":0},"end":{"line":68,"column":48}},"69":{"start":{"line":70,"column":0},"end":{"line":70,"column":79}},"71":{"start":{"line":72,"column":0},"end":{"line":72,"column":23}},"72":{"start":{"line":73,"column":0},"end":{"line":73,"column":31}},"74":{"start":{"line":75,"column":0},"end":{"line":75,"column":27}},"78":{"start":{"line":79,"column":0},"end":{"line":79,"column":31}},"79":{"start":{"line":80,"column":0},"end":{"line":80,"column":53}},"82":{"start":{"line":83,"column":0},"end":{"line":83,"column":24}},"84":{"start":{"line":85,"column":0},"end":{"line":85,"column":40}},"85":{"start":{"line":86,"column":0},"end":{"line":86,"column":78}},"100":{"start":{"line":101,"column":0},"end":{"line":101,"column":17}},"102":{"start":{"line":103,"column":0},"end":{"line":103,"column":20}},"103":{"start":{"line":104,"column":0},"end":{"line":104,"column":29}},"105":{"start":{"line":106,"column":0},"end":{"line":106,"column":65}}},"s":{"0":0,"16":0,"17":0,"18":0,"20":0,"21":0,"22":0,"23":0,"25":0,"26":0,"27":0,"28":0,"30":0,"34":0,"35":0,"36":0,"39":0,"40":0,"41":0,"43":0,"44":0,"47":0,"50":0,"51":0,"52":0,"53":0,"56":0,"58":0,"59":0,"62":0,"63":0,"64":0,"65":0,"66":0,"67":0,"69":0,"71":0,"72":0,"74":0,"78":0,"79":0,"82":0,"84":0,"85":0,"100":0,"102":0,"103":0,"105":0},"branchMap":{"0":{"type":"branch","line":1,"loc":{"start":{"line":1,"column":0},"end":{"line":108,"column":-1417}},"locations":[{"start":{"line":1,"column":0},"end":{"line":108,"column":-1417}}]}},"b":{"0":[0]},"fnMap":{"0":{"name":"(empty-report)","decl":{"start":{"line":1,"column":0},"end":{"line":108,"column":-1417}},"loc":{"start":{"line":1,"column":0},"end":{"line":108,"column":-1417}},"line":1}},"f":{"0":0}}
,"/home/vali-it/electricity_price/src/components/DateSwitcher.svelte": {"path":"/home/vali-it/electricity_price/src/components/DateSwitcher.svelte","all":false,"statementMap":{"0":{"start":{"line":1,"column":0},"end":{"line":1,"column":22}},"4":{"start":{"line":5,"column":0},"end":{"line":5,"column":31}},"6":{"start":{"line":7,"column":0},"end":{"line":7,"column":43}},"7":{"start":{"line":8,"column":0},"end":{"line":8,"column":36}},"8":{"start":{"line":9,"column":0},"end":{"line":9,"column":41}},"9":{"start":{"line":10,"column":0},"end":{"line":10,"column":31}},"15":{"start":{"line":16,"column":0},"end":{"line":16,"column":69}},"16":{"start":{"line":17,"column":0},"end":{"line":17,"column":45}},"17":{"start":{"line":18,"column":0},"end":{"line":18,"column":64}}},"s":{"0":1,"4":1,"6":1,"7":1,"8":1,"9":1,"15":1,"16":1,"17":1},"branchMap":{"0":{"type":"branch","line":16,"loc":{"start":{"line":16,"column":32},"end":{"line":16,"column":69}},"locations":[{"start":{"line":16,"column":32},"end":{"line":16,"column":69}}]},"1":{"type":"branch","line":18,"loc":{"start":{"line":18,"column":32},"end":{"line":18,"column":64}},"locations":[{"start":{"line":18,"column":32},"end":{"line":18,"column":64}}]}},"b":{"0":[2],"1":[2]},"fnMap":{},"f":{}}
,"/home/vali-it/electricity_price/src/components/Line.svelte": {"path":"/home/vali-it/electricity_price/src/components/Line.svelte","all":true,"statementMap":{"0":{"start":{"line":1,"column":0},"end":{"line":1,"column":63}},"2":{"start":{"line":3,"column":0},"end":{"line":3,"column":22}},"3":{"start":{"line":4,"column":0},"end":{"line":4,"column":48}},"7":{"start":{"line":8,"column":0},"end":{"line":8,"column":49}},"8":{"start":{"line":9,"column":0},"end":{"line":9,"column":28}},"9":{"start":{"line":10,"column":0},"end":{"line":10,"column":30}},"10":{"start":{"line":11,"column":0},"end":{"line":11,"column":37}},"11":{"start":{"line":12,"column":0},"end":{"line":12,"column":1}},"13":{"start":{"line":14,"column":0},"end":{"line":14,"column":24}}},"s":{"0":0,"2":0,"3":0,"7":0,"8":0,"9":0,"10":0,"11":0,"13":0},"branchMap":{"0":{"type":"branch","line":1,"loc":{"start":{"line":1,"column":0},"end":{"line":14,"column":-99}},"locations":[{"start":{"line":1,"column":0},"end":{"line":14,"column":-99}}]}},"b":{"0":[0]},"fnMap":{"0":{"name":"(empty-report)","decl":{"start":{"line":1,"column":0},"end":{"line":14,"column":-99}},"loc":{"start":{"line":1,"column":0},"end":{"line":14,"column":-99}},"line":1}},"f":{"0":0}}
,"/home/vali-it/electricity_price/src/components/dates.ts": {"path":"/home/vali-it/electricity_price/src/components/dates.ts","all":false,"statementMap":{"0":{"start":{"line":1,"column":0},"end":{"line":1,"column":42}},"2":{"start":{"line":3,"column":0},"end":{"line":3,"column":36}},"3":{"start":{"line":4,"column":0},"end":{"line":4,"column":40}},"4":{"start":{"line":5,"column":0},"end":{"line":5,"column":1}}},"s":{"0":1,"2":1,"3":5,"4":5},"branchMap":{"0":{"type":"branch","line":3,"loc":{"start":{"line":3,"column":7},"end":{"line":5,"column":1}},"locations":[{"start":{"line":3,"column":7},"end":{"line":5,"column":1}}]}},"b":{"0":[5]},"fnMap":{"0":{"name":"toISODate","decl":{"start":{"line":3,"column":7},"end":{"line":5,"column":1}},"loc":{"start":{"line":3,"column":7},"end":{"line":5,"column":1}},"line":3}},"f":{"0":5}}
,"/home/vali-it/electricity_price/src/lib/Counter.svelte": {"path":"/home/vali-it/electricity_price/src/lib/Counter.svelte","all":true,"statementMap":{"0":{"start":{"line":1,"column":0},"end":{"line":1,"column":18}},"1":{"start":{"line":2,"column":0},"end":{"line":2,"column":31}},"2":{"start":{"line":3,"column":0},"end":{"line":3,"column":27}},"3":{"start":{"line":4,"column":0},"end":{"line":4,"column":14}},"7":{"start":{"line":8,"column":0},"end":{"line":8,"column":28}},"8":{"start":{"line":9,"column":0},"end":{"line":9,"column":18}}},"s":{"0":0,"1":0,"2":0,"3":0,"7":0,"8":0},"branchMap":{"0":{"type":"branch","line":1,"loc":{"start":{"line":1,"column":166},"end":{"line":10,"column":9}},"locations":[{"start":{"line":1,"column":166},"end":{"line":10,"column":9}}]}},"b":{"0":[0]},"fnMap":{"0":{"name":"(empty-report)","decl":{"start":{"line":1,"column":166},"end":{"line":10,"column":9}},"loc":{"start":{"line":1,"column":166},"end":{"line":10,"column":9}},"line":1}},"f":{"0":0}}
}
